captured=2026-05-02T16:22:59Z
bootstrap_app=ledger-axl-usw-180526
bootstrap_machine=2869111fee9208
worker_app=ledger-axl-euc-180526
bootstrap_public=66.51.123.38:9001
worker_public=77.83.143.142:9001
nonce=bootstrap-kill-20260502T162259Z-1555

[pre-kill local topology]
{"our_ipv6":"201:9bc1:7127:ac96:1ca8:6bdb:1823:dc85","our_public_key":"590fa3b614da78d5e50939f708dea209e5cfb5e7ae69f1220611d8eefcc95f4c","peers":[{"uri":"tls://77.83.143.142:9001","up":true,"inbound":false,"public_key":"f274bf0f8dadfa028b75f73cf7b29c927ded368b6703caf403abdb0d9aa1fa64","root":"","port":1,"coords":null},{"uri":"tls://66.51.123.38:9001","up":true,"inbound":false,"public_key":"a560b12fe6e16b1c8a94bb99b3019fa6d5f490474c275a31848f022df3a170eb","root":"","port":2,"coords":null}],"tree":[{"public_key":"590fa3b614da78d5e50939f708dea209e5cfb5e7ae69f1220611d8eefcc95f4c","parent":"590fa3b614da78d5e50939f708dea209e5cfb5e7ae69f1220611d8eefcc95f4c","sequence":20},{"public_key":"a560b12fe6e16b1c8a94bb99b3019fa6d5f490474c275a31848f022df3a170eb","parent":"590fa3b614da78d5e50939f708dea209e5cfb5e7ae69f1220611d8eefcc95f4c","sequence":66},{"public_key":"f274bf0f8dadfa028b75f73cf7b29c927ded368b6703caf403abdb0d9aa1fa64","parent":"590fa3b614da78d5e50939f708dea209e5cfb5e7ae69f1220611d8eefcc95f4c","sequence":61}]}

[pre-kill worker topology]
{"our_ipv6":"200:1b16:81e0:e4a4:bfa:e914:1186:109a","our_public_key":"f274bf0f8dadfa028b75f73cf7b29c927ded368b6703caf403abdb0d9aa1fa64","peers":[{"uri":"tls://66.51.123.38:9001","up":true,"inbound":false,"public_key":"a560b12fe6e16b1c8a94bb99b3019fa6d5f490474c275a31848f022df3a170eb","root":"","port":1,"coords":null},{"uri":"tls://172.16.9.50:46038","up":true,"inbound":true,"public_key":"590fa3b614da78d5e50939f708dea209e5cfb5e7ae69f1220611d8eefcc95f4c","root":"","port":2,"coords":null}],"tree":[{"public_key":"f274bf0f8dadfa028b75f73cf7b29c927ded368b6703caf403abdb0d9aa1fa64","parent":"590fa3b614da78d5e50939f708dea209e5cfb5e7ae69f1220611d8eefcc95f4c","sequence":61},{"public_key":"590fa3b614da78d5e50939f708dea209e5cfb5e7ae69f1220611d8eefcc95f4c","parent":"590fa3b614da78d5e50939f708dea209e5cfb5e7ae69f1220611d8eefcc95f4c","sequence":20},{"public_key":"a560b12fe6e16b1c8a94bb99b3019fa6d5f490474c275a31848f022df3a170eb","parent":"590fa3b614da78d5e50939f708dea209e5cfb5e7ae69f1220611d8eefcc95f4c","sequence":66}]}

[stop bootstrap]
2026-05-02T16:23:04Z
Sending kill signal to machine 2869111fee9208...
2869111fee9208 has been successfully stopped

[post-stop wait]
2026-05-02T16:23:19Z

[local -> worker while bootstrap stopped]
HTTP/1.1 200 OK
Content-Type: application/octet-stream
X-Sent-Bytes: 91
Date: Sat, 02 May 2026 16:23:20 GMT
Content-Length: 0


[worker receive while bootstrap stopped]
HTTP/1.1 200 OK
Content-Type: application/octet-stream
X-From-Peer-Id: 590fa3b614da78d5e50939f708debfffffffffffffffffffffffffffffffffff
Date: Sat, 02 May 2026 16:23:30 GMT
Content-Length: 91

{"type":"TASK_POSTED","nonce":"bootstrap-kill-20260502T162259Z-1555","bootstrap":"stopped"}
[worker -> local while bootstrap stopped]
HTTP/1.1 200 OK
Content-Type: application/octet-stream
X-Sent-Bytes: 86
Date: Sat, 02 May 2026 16:23:34 GMT
Content-Length: 0


[local receive while bootstrap stopped]
HTTP/1.1 200 OK
Content-Type: application/octet-stream
X-From-Peer-Id: f274bf0f8dadfa028b75f73cf7b2ffffffffffffffffffffffffffffffffffff
Date: Sat, 02 May 2026 16:23:39 GMT
Content-Length: 86

{"type":"RESULT","nonce":"bootstrap-kill-20260502T162259Z-1555","bootstrap":"stopped"}
[restart bootstrap]
2869111fee9208 has been started

[post-restart bootstrap status]
[1mApp[0m
  Name     = ledger-axl-usw-180526                                        
  Owner    = personal                                                     
  Hostname = ledger-axl-usw-180526.fly.dev                                
  Image    = ledger-axl-usw-180526:deployment-01KQMB50WGTTXJC0PPZSV9PDQK  

[1mMachines[0m
PROCESS	ID            	VERSION	REGION	STATE  	ROLE	CHECKS	LAST UPDATED         
app    	2869111fee9208	2      	sjc   	started	    	      	2026-05-02T16:23:11Z	

