AXL nonce roundtrip captured 2026-05-02T12:44:28Z
nonce=judge-nonce-20260502T124428Z-27107
path=node-worker-2 local -> node-worker-1 Frankfurt -> node-worker-2 local

[send local -> worker]
HTTP/1.1 200 OK
Content-Type: application/octet-stream
X-Sent-Bytes: 67
Date: Sat, 02 May 2026 12:44:28 GMT
Content-Length: 0


[worker receive]
HTTP/1.1 200 OK
Content-Type: application/octet-stream
X-From-Peer-Id: 590fa3b614da78d5e50939f708debfffffffffffffffffffffffffffffffffff
Date: Sat, 02 May 2026 12:44:33 GMT
Content-Length: 28

tcpdump-trigger-local-to-fra
[worker echo -> local]
HTTP/1.1 200 OK
Content-Type: application/octet-stream
X-Sent-Bytes: 62
Date: Sat, 02 May 2026 12:44:42 GMT
Content-Length: 0


[local receive retry]
HTTP/1.1 200 OK
Content-Type: application/octet-stream
X-From-Peer-Id: f274bf0f8dadfa028b75f73cf7b2ffffffffffffffffffffffffffffffffffff
Date: Sat, 02 May 2026 12:44:44 GMT
Content-Length: 62

{"type":"RESULT","nonce":"judge-nonce-20260502T124428Z-27107"}
--- corrected clean nonce roundtrip ---
captured=2026-05-02T12:45:18Z
nonce=judge-nonce-20260502T124518Z-17324
path=node-worker-2 local -> node-worker-1 Frankfurt -> node-worker-2 local

[send local -> worker]
HTTP/1.1 200 OK
Content-Type: application/octet-stream
X-Sent-Bytes: 67
Date: Sat, 02 May 2026 12:45:19 GMT
Content-Length: 0


[worker receive exact nonce]
HTTP/1.1 200 OK
Content-Type: application/octet-stream
X-From-Peer-Id: 590fa3b614da78d5e50939f708debfffffffffffffffffffffffffffffffffff
Date: Sat, 02 May 2026 12:45:26 GMT
Content-Length: 67

{"type":"TASK_POSTED","nonce":"judge-nonce-20260502T124518Z-17324"}
[worker echo -> local exact nonce]
HTTP/1.1 200 OK
Content-Type: application/octet-stream
X-Sent-Bytes: 62
Date: Sat, 02 May 2026 12:45:33 GMT
Content-Length: 0


[local receive exact nonce]
HTTP/1.1 200 OK
Content-Type: application/octet-stream
X-From-Peer-Id: f274bf0f8dadfa028b75f73cf7b2ffffffffffffffffffffffffffffffffffff
Date: Sat, 02 May 2026 12:45:36 GMT
Content-Length: 62

{"type":"RESULT","nonce":"judge-nonce-20260502T124518Z-17324"}