captured=2026-05-02T15:13:53Z
nonce=launchd-stable-20260502T151353Z-18198
local_pid=60532

[send local -> worker]
HTTP/1.1 200 OK
Content-Type: application/octet-stream
X-Sent-Bytes: 70
Date: Sat, 02 May 2026 15:13:54 GMT
Content-Length: 0


[worker receive]
HTTP/1.1 200 OK
Content-Type: application/octet-stream
X-From-Peer-Id: 590fa3b614da78d5e50939f708debfffffffffffffffffffffffffffffffffff
Date: Sat, 02 May 2026 15:14:04 GMT
Content-Length: 70

{"type":"TASK_POSTED","nonce":"launchd-stable-20260502T151353Z-18198"}
[worker send -> local]
HTTP/1.1 200 OK
Content-Type: application/octet-stream
X-Sent-Bytes: 65
Date: Sat, 02 May 2026 15:14:09 GMT
Content-Length: 0


[local receive]
HTTP/1.1 200 OK
Content-Type: application/octet-stream
X-From-Peer-Id: f274bf0f8dadfa028b75f73cf7b2ffffffffffffffffffffffffffffffffffff
Date: Sat, 02 May 2026 15:14:13 GMT
Content-Length: 65

{"type":"RESULT","nonce":"launchd-stable-20260502T151353Z-18198"}